0 info it worked if it ends with ok
1 verbose cli [ 'C:\\Program Files\\nodejs\\node.exe',
1 verbose cli   'C:\\Program Files\\nodejs\\node_modules\\npm\\bin\\npm-cli.js',
1 verbose cli   'start' ]
2 info using npm@3.10.10
3 info using node@v6.10.3
4 verbose run-script [ 'prestart', 'start', 'poststart' ]
5 info lifecycle gold-coin-ui@1.0.0~prestart: gold-coin-ui@1.0.0
6 verbose lifecycle gold-coin-ui@1.0.0~prestart: unsafe-perm in lifecycle true
7 verbose lifecycle gold-coin-ui@1.0.0~prestart: PATH: C:\Program Files\nodejs\node_modules\npm\bin\node-gyp-bin;C:\dev\angular-study\gold-coin-ui\node_modules\.bin;C:\ProgramData\Oracle\Java\javapath;C:\Program Files (x86)\Intel\iCLS Client\;C:\Program Files\Intel\iCLS Client\;C:\windows\system32;C:\windows;C:\windows\System32\Wbem;C:\windows\System32\WindowsPowerShell\v1.0\;C:\Program Files (x86)\Intel\Intel(R) Management Engine Components\DAL;C:\Program Files\Intel\Intel(R) Management Engine Components\DAL;C:\Program Files (x86)\Intel\Intel(R) Management Engine Components\IPT;C:\Program Files\Intel\Intel(R) Management Engine Components\IPT;C:\Program Files\Intel\WiFi\bin\;C:\Program Files\Common Files\Intel\WirelessCommon\;C:\Program Files\Lenovo\Fingerprint Manager Pro\;C:\Program Files (x86)\Common Files\Lenovo;C:\ProgramData\Lenovo\ReadyApps;C:\Program Files (x86)\Skype\Phone\;C:\Program Files\nodejs\;C:\Program Files\Git\cmd;C:\apache-maven-3.5.0\bin;C:\Program Files\MySQL\MySQL Server 5.5\bin;C:\cygwin64\bin;C:\nwjs-v0.23.5-win-x64;C:\gradle-4.0\bin;C:\Program Files\PuTTY\;C:\Program Files (x86)\OpenSSH\bin;C:\Program Files (x86)\Bitvise SSH Client;C:\Program Files\MySQL\MySQL Utilities 1.6\;C:\Program Files\MongoDB\Server\3.4\bin;C:\Users\sinan.sahin\AppData\Roaming\npm;C:\cygwin64\bin
8 verbose lifecycle gold-coin-ui@1.0.0~prestart: CWD: C:\dev\angular-study\gold-coin-ui
9 silly lifecycle gold-coin-ui@1.0.0~prestart: Args: [ '/d /s /c', 'npm run build' ]
10 silly lifecycle gold-coin-ui@1.0.0~prestart: Returned: code: 1  signal: null
11 info lifecycle gold-coin-ui@1.0.0~prestart: Failed to exec prestart script
12 verbose stack Error: gold-coin-ui@1.0.0 prestart: `npm run build`
12 verbose stack Exit status 1
12 verbose stack     at EventEmitter.<anonymous> (C:\Program Files\nodejs\node_modules\npm\lib\utils\lifecycle.js:255:16)
12 verbose stack     at emitTwo (events.js:106:13)
12 verbose stack     at EventEmitter.emit (events.js:191:7)
12 verbose stack     at ChildProcess.<anonymous> (C:\Program Files\nodejs\node_modules\npm\lib\utils\spawn.js:40:14)
12 verbose stack     at emitTwo (events.js:106:13)
12 verbose stack     at ChildProcess.emit (events.js:191:7)
12 verbose stack     at maybeClose (internal/child_process.js:886:16)
12 verbose stack     at Process.ChildProcess._handle.onexit (internal/child_process.js:226:5)
13 verbose pkgid gold-coin-ui@1.0.0
14 verbose cwd C:\dev\angular-study\gold-coin-ui
15 error Windows_NT 6.1.7601
16 error argv "C:\\Program Files\\nodejs\\node.exe" "C:\\Program Files\\nodejs\\node_modules\\npm\\bin\\npm-cli.js" "start"
17 error node v6.10.3
18 error npm  v3.10.10
19 error code ELIFECYCLE
20 error gold-coin-ui@1.0.0 prestart: `npm run build`
20 error Exit status 1
21 error Failed at the gold-coin-ui@1.0.0 prestart script 'npm run build'.
21 error Make sure you have the latest version of node.js and npm installed.
21 error If you do, this is most likely a problem with the gold-coin-ui package,
21 error not with npm itself.
21 error Tell the author that this fails on your system:
21 error     npm run build
21 error You can get information on how to open an issue for this project with:
21 error     npm bugs gold-coin-ui
21 error Or if that isn't available, you can get their info via:
21 error     npm owner ls gold-coin-ui
21 error There is likely additional logging output above.
22 verbose exit [ 1, true ]
